Using pre-set license
Built from '2021.3/staging' branch; Version is '2021.3.3f1 (af2e63e8f9bd) revision 11480675'; Using compiler version '192829333'; Build Type 'Release'
OS: 'Windows 10  (10.0.19044) 64bit Core' Language: 'ko' Physical Memory: 16326 MB
BatchMode: 1, IsHumanControllingUs: 0, StartBugReporterOnCrash: 0, Is64bit: 1, IsPro: 1

COMMAND LINE ARGUMENTS:
C:\Program Files\Unity\Hub\Editor\2021.3.3f1\Editor\Unity.exe
-adb2
-batchMode
-noUpm
-name
AssetImportWorker0
-projectPath
D:/VR-project/VR-project/vr
-logFile
Logs/AssetImportWorker0.log
-srvPort
57031
Successfully changed project path to: D:/VR-project/VR-project/vr
D:/VR-project/VR-project/vr
[UnityMemory] Configuration Parameters - Can be set up in boot.config
    "memorysetup-bucket-allocator-granularity=16"
    "memorysetup-bucket-allocator-bucket-count=8"
    "memorysetup-bucket-allocator-block-size=33554432"
    "memorysetup-bucket-allocator-block-count=8"
    "memorysetup-main-allocator-block-size=16777216"
    "memorysetup-thread-allocator-block-size=16777216"
    "memorysetup-gfx-main-allocator-block-size=16777216"
    "memorysetup-gfx-thread-allocator-block-size=16777216"
    "memorysetup-cache-allocator-block-size=4194304"
    "memorysetup-typetree-allocator-block-size=2097152"
    "memorysetup-profiler-bucket-allocator-granularity=16"
    "memorysetup-profiler-bucket-allocator-bucket-count=8"
    "memorysetup-profiler-bucket-allocator-block-size=33554432"
    "memorysetup-profiler-bucket-allocator-block-count=8"
    "memorysetup-profiler-allocator-block-size=16777216"
    "memorysetup-profiler-editor-allocator-block-size=1048576"
    "memorysetup-temp-allocator-size-main=16777216"
    "memorysetup-job-temp-allocator-block-size=2097152"
    "memorysetup-job-temp-allocator-block-size-background=1048576"
    "memorysetup-job-temp-allocator-reduction-small-platforms=262144"
    "memorysetup-temp-allocator-size-background-worker=32768"
    "memorysetup-temp-allocator-size-job-worker=262144"
    "memorysetup-temp-allocator-size-preload-manager=33554432"
    "memorysetup-temp-allocator-size-nav-mesh-worker=65536"
    "memorysetup-temp-allocator-size-audio-worker=65536"
    "memorysetup-temp-allocator-size-cloud-worker=32768"
    "memorysetup-temp-allocator-size-gi-baking-worker=262144"
    "memorysetup-temp-allocator-size-gfx=262144"
Refreshing native plugins compatible for Editor in 123.27 ms, found 6 plugins.
Preloading 1 native plugins for Editor in 0.94 ms.
Initialize engine version: 2021.3.3f1 (af2e63e8f9bd)
[Subsystems] Discovering subsystems at path C:/Program Files/Unity/Hub/Editor/2021.3.3f1/Editor/Data/Resources/UnitySubsystems
[Subsystems] Discovering subsystems at path D:/VR-project/VR-project/vr/Assets
GfxDevice: creating device client; threaded=0; jobified=0
Direct3D:
    Version:  Direct3D 11.0 [level 11.1]
    Renderer: NVIDIA GeForce GTX 1660 Ti (ID=0x2182)
    Vendor:   NVIDIA
    VRAM:     5991 MB
    Driver:   31.0.15.1601
Shader 'Oculus/OVRMRCameraFrameLit': fallback shader 'Alpha-Diffuse' not found
Initialize mono
Mono path[0] = 'C:/Program Files/Unity/Hub/Editor/2021.3.3f1/Editor/Data/Managed'
Mono path[1] = 'C:/Program Files/Unity/Hub/Editor/2021.3.3f1/Editor/Data/MonoBleedingEdge/lib/mono/unityjit-win32'
Mono config path = 'C:/Program Files/Unity/Hub/Editor/2021.3.3f1/Editor/Data/MonoBleedingEdge/etc'
Using monoOptions --debugger-agent=transport=dt_socket,embedding=1,server=y,suspend=n,address=127.0.0.1:56496
Begin MonoManager ReloadAssembly
Registering precompiled unity dll's ...
Register platform support module: C:/Program Files/Unity/Hub/Editor/2021.3.3f1/Editor/Data/PlaybackEngines/WebGLSupport/UnityEditor.WebGL.Extensions.dll
Register platform support module: C:/Program Files/Unity/Hub/Editor/2021.3.3f1/Editor/Data/PlaybackEngines/WindowsStandaloneSupport/UnityEditor.WindowsStandalone.Extensions.dll
Registered in 0.030932 seconds.
Native extension for WindowsStandalone target not found
Native extension for WebGL target not found
Refreshing native plugins compatible for Editor in 113.23 ms, found 6 plugins.
Preloading 1 native plugins for Editor in 0.05 ms.
Mono: successfully reloaded assembly
- Completed reload, in  0.840 seconds
Domain Reload Profiling:
	ReloadAssembly (841ms)
		BeginReloadAssembly (135ms)
			ExecutionOrderSort (0ms)
			DisableScriptedObjects (0ms)
			BackupInstance (0ms)
			ReleaseScriptingObjects (0ms)
			CreateAndSetChildDomain (1ms)
		EndReloadAssembly (532ms)
			LoadAssemblies (129ms)
			RebuildTransferFunctionScriptingTraits (0ms)
			SetupTypeCache (115ms)
			ReleaseScriptCaches (0ms)
			RebuildScriptCaches (30ms)
			SetupLoadedEditorAssemblies (317ms)
				LogAssemblyErrors (0ms)
				InitializePlatformSupportModulesInManaged (19ms)
				SetLoadedEditorAssemblies (0ms)
				RefreshPlugins (113ms)
				BeforeProcessingInitializeOnLoad (1ms)
				ProcessInitializeOnLoadAttributes (126ms)
				ProcessInitializeOnLoadMethodAttributes (57ms)
				AfterProcessingInitializeOnLoad (0ms)
				EditorAssembliesLoaded (0ms)
			ExecutionOrderSort2 (0ms)
			AwakeInstancesAfterBackupRestoration (0ms)
Platform modules already initialized, skipping
Registering precompiled user dll's ...
Registered in 0.008130 seconds.
Begin MonoManager ReloadAssembly
Symbol file LoadedFromMemory doesn't match image D:\VR-project\VR-project\vr\Library\PackageCache\com.unity.visualscripting@1.7.6\Editor\VisualScripting.Core\Dependencies\YamlDotNet\Unity.VisualScripting.YamlDotNet.dll
Symbol file LoadedFromMemory doesn't match image D:\VR-project\VR-project\vr\Library\PackageCache\com.unity.visualscripting@1.7.6\Editor\VisualScripting.Core\Dependencies\DotNetZip\Unity.VisualScripting.IonicZip.dll
Native extension for WindowsStandalone target not found
Native extension for WebGL target not found
Refreshing native plugins compatible for Editor in 0.88 ms, found 6 plugins.
Preloading 1 native plugins for Editor in 0.06 ms.
Mono: successfully reloaded assembly
- Completed reload, in  1.390 seconds
Domain Reload Profiling:
	ReloadAssembly (1391ms)
		BeginReloadAssembly (168ms)
			ExecutionOrderSort (0ms)
			DisableScriptedObjects (6ms)
			BackupInstance (0ms)
			ReleaseScriptingObjects (0ms)
			CreateAndSetChildDomain (19ms)
		EndReloadAssembly (1075ms)
			LoadAssemblies (150ms)
			RebuildTransferFunctionScriptingTraits (0ms)
			SetupTypeCache (314ms)
			ReleaseScriptCaches (1ms)
			RebuildScriptCaches (78ms)
			SetupLoadedEditorAssemblies (503ms)
				LogAssemblyErrors (0ms)
				InitializePlatformSupportModulesInManaged (17ms)
				SetLoadedEditorAssemblies (1ms)
				RefreshPlugins (1ms)
				BeforeProcessingInitializeOnLoad (130ms)
				ProcessInitializeOnLoadAttributes (295ms)
				ProcessInitializeOnLoadMethodAttributes (30ms)
				AfterProcessingInitializeOnLoad (29ms)
				EditorAssembliesLoaded (0ms)
			ExecutionOrderSort2 (0ms)
			AwakeInstancesAfterBackupRestoration (17ms)
Platform modules already initialized, skipping
========================================================================
Worker process is ready to serve import requests
Shader 'Oculus/OVRMRCameraFrameLit': fallback shader 'Alpha-Diffuse' not found
Launched and connected shader compiler UnityShaderCompiler.exe after 0.11 seconds
Refreshing native plugins compatible for Editor in 0.88 ms, found 6 plugins.
Preloading 1 native plugins for Editor in 0.07 ms.
Unloading 4409 Unused Serialized files (Serialized files now loaded: 0)
Unloading 50 unused Assets / (198.3 KB). Loaded Objects now: 4854.
Memory consumption went from 161.6 MB to 161.4 MB.
Total: 4.588500 ms (FindLiveObjects: 0.333700 ms CreateObjectMapping: 0.277400 ms MarkObjects: 3.767100 ms  DeleteObjects: 0.209100 ms)

AssetImportParameters requested are different than current active one (requested -> active):
  custom:video-decoder-ogg-theora: a1e56fd34408186e4bbccfd4996cb3dc -> 
  custom:container-muxer-webm: aa71ff27fc2769a1b78a27578f13a17b -> 
  custom:container-demuxer-webm: 4f35f7cbe854078d1ac9338744f61a02 -> 
  custom:video-encoder-webm-vp8: eb34c28f22e8b96e1ab97ce403110664 -> 
  custom:audio-encoder-webm-vorbis: bf7c407c2cedff20999df2af8eb42d56 -> 
  custom:framework-win-MediaFoundation: 216162199b28c13a410421893ffa2e32 -> 
  custom:container-demuxer-ogg: 62fdf1f143b41e24485cea50d1cbac27 -> 
  custom:video-decoder-webm-vp8: 9c59270c3fd7afecdb556c50c9e8de78 -> 
  custom:audio-decoder-ogg-vorbis: bf7c407c2cedff20999df2af8eb42d56 -> 
========================================================================
Received Import Request.
  Time since last request: 88851.540601 seconds.
  path: Packages/com.unity.services.core/Editor/Core/UiHelpers/UXML/AccessTokenError.uxml
  artifactKey: Guid(9bbe9fb6e9537684cac89a4e82cf3d63) Importer(815301076,1909f56bfc062723c751e8b465ee728b)
Start importing Packages/com.unity.services.core/Editor/Core/UiHelpers/UXML/AccessTokenError.uxml using Guid(9bbe9fb6e9537684cac89a4e82cf3d63) Importer(815301076,1909f56bfc062723c751e8b465ee728b)  -> (artifact id: 'bda8d13c388491e806223e61b34fd349') in 0.063456 seconds 
========================================================================
Received Import Request.
  Time since last request: 16.140354 seconds.
  path: Assets/Oculus/Interaction/Samples/Objects/Environment/Room
  artifactKey: Guid(e624a342092bbd246be92be5b1cba768) Importer(815301076,1909f56bfc062723c751e8b465ee728b)
Start importing Assets/Oculus/Interaction/Samples/Objects/Environment/Room using Guid(e624a342092bbd246be92be5b1cba768) Importer(815301076,1909f56bfc062723c751e8b465ee728b)  -> (artifact id: 'f10d09123ecfed3edd217d945be75a79') in 0.007298 seconds 
========================================================================
Received Import Request.
  Time since last request: 0.925655 seconds.
  path: Assets/Oculus/Interaction/Samples/Objects/Environment/Room/Models
  artifactKey: Guid(7d89e47c66d4b0843a9f35cb241eef66) Importer(815301076,1909f56bfc062723c751e8b465ee728b)
Start importing Assets/Oculus/Interaction/Samples/Objects/Environment/Room/Models using Guid(7d89e47c66d4b0843a9f35cb241eef66) Importer(815301076,1909f56bfc062723c751e8b465ee728b)  -> (artifact id: 'f446740a4f82c981ea81c84a26be10dc') in 0.005941 seconds 
========================================================================
Received Import Request.
  Time since last request: 0.520373 seconds.
  path: Assets/Oculus/Interaction/Samples/Objects/Environment/Room/Materials
  artifactKey: Guid(5d4037778be1f9241b52d0e4bfc95c74) Importer(815301076,1909f56bfc062723c751e8b465ee728b)
Start importing Assets/Oculus/Interaction/Samples/Objects/Environment/Room/Materials using Guid(5d4037778be1f9241b52d0e4bfc95c74) Importer(815301076,1909f56bfc062723c751e8b465ee728b)  -> (artifact id: 'e2d725fa7e0403cad694e59b00c4f2f8') in 0.005394 seconds 
========================================================================
Received Import Request.
  Time since last request: 66.176912 seconds.
  path: Assets/Oculus/SampleFramework/Core/DistanceGrab/Mesh/GrabConeVolume.asset
  artifactKey: Guid(fcd019dc7c1f92140963033f1669ec2f) Importer(815301076,1909f56bfc062723c751e8b465ee728b)
Start importing Assets/Oculus/SampleFramework/Core/DistanceGrab/Mesh/GrabConeVolume.asset using Guid(fcd019dc7c1f92140963033f1669ec2f) Importer(815301076,1909f56bfc062723c751e8b465ee728b)  -> (artifact id: 'a2344fe9408ed826c89a6f73d3f42fbd') in 0.120182 seconds 
========================================================================
Received Import Request.
  Time since last request: 0.000048 seconds.
  path: Assets/Oculus/Interaction/Runtime/Meshes/HandRight.asset
  artifactKey: Guid(9e4109dbfa83c074d8cc6752d94eed89) Importer(815301076,1909f56bfc062723c751e8b465ee728b)
Start importing Assets/Oculus/Interaction/Runtime/Meshes/HandRight.asset using Guid(9e4109dbfa83c074d8cc6752d94eed89) Importer(815301076,1909f56bfc062723c751e8b465ee728b)  -> (artifact id: 'c1abc8546d0ac016ba6325ae9e0616f5') in 0.028168 seconds 
========================================================================
Received Import Request.
  Time since last request: 0.000233 seconds.
  path: Assets/Oculus/Interaction/Runtime/Meshes/HandLeft.asset
  artifactKey: Guid(d62eb29994855484da750dff41b8b018) Importer(815301076,1909f56bfc062723c751e8b465ee728b)
Start importing Assets/Oculus/Interaction/Runtime/Meshes/HandLeft.asset using Guid(d62eb29994855484da750dff41b8b018) Importer(815301076,1909f56bfc062723c751e8b465ee728b)  -> (artifact id: 'beec818f5792c22079548ad24fb83aca') in 0.025822 seconds 
========================================================================
Received Import Request.
  Time since last request: 0.000022 seconds.
  path: Assets/Oculus/SampleFramework/Core/CustomHands/GrabConeVolume.asset
  artifactKey: Guid(687d21fc72e51324cbb1c3078c72718e) Importer(815301076,1909f56bfc062723c751e8b465ee728b)
Start importing Assets/Oculus/SampleFramework/Core/CustomHands/GrabConeVolume.asset using Guid(687d21fc72e51324cbb1c3078c72718e) Importer(815301076,1909f56bfc062723c751e8b465ee728b)  -> (artifact id: '8396b5d9ba094e5e676e00de7faab6e4') in 0.016185 seconds 
========================================================================
Received Import Request.
  Time since last request: 207.610937 seconds.
  path: Assets/Oculus/SampleFramework/Usage/SharedAssets/Textures/block_wood_01_dif.png
  artifactKey: Guid(4281f5429a5bbd04da4ccfce25a814d3) Importer(815301076,1909f56bfc062723c751e8b465ee728b)
Start importing Assets/Oculus/SampleFramework/Usage/SharedAssets/Textures/block_wood_01_dif.png using Guid(4281f5429a5bbd04da4ccfce25a814d3) Importer(815301076,1909f56bfc062723c751e8b465ee728b)  -> (artifact id: '2b3f795ec8a2e18dcfdf5373612dc631') in 0.127203 seconds 
========================================================================
Received Import Request.
  Time since last request: 0.000019 seconds.
  path: Assets/Oculus/SampleFramework/Usage/Locomotion/Textures/floor_wood_02_dif.png
  artifactKey: Guid(b7600ae2b00af42b3b06a37401929b21) Importer(815301076,1909f56bfc062723c751e8b465ee728b)
Start importing Assets/Oculus/SampleFramework/Usage/Locomotion/Textures/floor_wood_02_dif.png using Guid(b7600ae2b00af42b3b06a37401929b21) Importer(815301076,1909f56bfc062723c751e8b465ee728b)  -> (artifact id: 'a69dd83d277f86ce8e620b020f8e9f45') in 0.026708 seconds 
========================================================================
Received Import Request.
  Time since last request: 0.000030 seconds.
  path: Assets/Oculus/SampleFramework/Usage/SharedAssets/Textures/block_wood_01_msm.png
  artifactKey: Guid(a1ff16c8cf0dcb84fab5c183d0fd1dcf) Importer(815301076,1909f56bfc062723c751e8b465ee728b)
Start importing Assets/Oculus/SampleFramework/Usage/SharedAssets/Textures/block_wood_01_msm.png using Guid(a1ff16c8cf0dcb84fab5c183d0fd1dcf) Importer(815301076,1909f56bfc062723c751e8b465ee728b)  -> (artifact id: 'f0873c7233379190eb7204e88155d8d7') in 0.021329 seconds 
========================================================================
Received Import Request.
  Time since last request: 0.000018 seconds.
  path: Assets/Oculus/SampleFramework/Usage/Locomotion/Textures/floor_wood_01_dif.png
  artifactKey: Guid(47c72aea7837946679d91402f5af8665) Importer(815301076,1909f56bfc062723c751e8b465ee728b)
Start importing Assets/Oculus/SampleFramework/Usage/Locomotion/Textures/floor_wood_01_dif.png using Guid(47c72aea7837946679d91402f5af8665) Importer(815301076,1909f56bfc062723c751e8b465ee728b)  -> (artifact id: '9594539e6ade0307aa648765f2f34011') in 0.025105 seconds 
========================================================================
Received Import Request.
  Time since last request: 0.000022 seconds.
  path: Assets/Oculus/SampleFramework/Usage/Locomotion/Textures/floor_wood_02_nml.png
  artifactKey: Guid(67017b977ca8e4564bb2e427adc76f21) Importer(815301076,1909f56bfc062723c751e8b465ee728b)
Start importing Assets/Oculus/SampleFramework/Usage/Locomotion/Textures/floor_wood_02_nml.png using Guid(67017b977ca8e4564bb2e427adc76f21) Importer(815301076,1909f56bfc062723c751e8b465ee728b)  -> (artifact id: 'cf56165f1c019a78135c185308baa01a') in 0.031628 seconds 
========================================================================
Received Import Request.
  Time since last request: 0.000017 seconds.
  path: Assets/Oculus/SampleFramework/Usage/Locomotion/Textures/floor_wood_01_msm.png
  artifactKey: Guid(2a6b2bd66cb8348619282685a3e7d571) Importer(815301076,1909f56bfc062723c751e8b465ee728b)
Start importing Assets/Oculus/SampleFramework/Usage/Locomotion/Textures/floor_wood_01_msm.png using Guid(2a6b2bd66cb8348619282685a3e7d571) Importer(815301076,1909f56bfc062723c751e8b465ee728b)  -> (artifact id: 'a81d167931bf074b7528d41c46058a94') in 0.022506 seconds 
========================================================================
Received Import Request.
  Time since last request: 0.000020 seconds.
  path: Assets/Oculus/Interaction/Samples/Objects/Environment/Room/Textures/WoodTiling.png
  artifactKey: Guid(4d009118a9fcdce4f9e75630ee19f7a8) Importer(815301076,1909f56bfc062723c751e8b465ee728b)
Start importing Assets/Oculus/Interaction/Samples/Objects/Environment/Room/Textures/WoodTiling.png using Guid(4d009118a9fcdce4f9e75630ee19f7a8) Importer(815301076,1909f56bfc062723c751e8b465ee728b)  -> (artifact id: 'b6bffa68be068f30035763e8c0dfd4f1') in 0.023198 seconds 
========================================================================
Received Import Request.
  Time since last request: 0.000020 seconds.
  path: Assets/Oculus/SampleFramework/Usage/Locomotion/Textures/floor_wood_01_nml.png
  artifactKey: Guid(bce2993b95d184bc09d1cf9c304086d9) Importer(815301076,1909f56bfc062723c751e8b465ee728b)
Start importing Assets/Oculus/SampleFramework/Usage/Locomotion/Textures/floor_wood_01_nml.png using Guid(bce2993b95d184bc09d1cf9c304086d9) Importer(815301076,1909f56bfc062723c751e8b465ee728b)  -> (artifact id: 'a216fd9b8a122024690ce0b1c67c43cb') in 0.041782 seconds 
========================================================================
Received Import Request.
  Time since last request: 0.000025 seconds.
  path: Assets/Oculus/SampleFramework/Usage/Locomotion/Textures/floor_wood_02_msm.png
  artifactKey: Guid(ed587ec08f0b14bb58a1cd80e8d4fedc) Importer(815301076,1909f56bfc062723c751e8b465ee728b)
Start importing Assets/Oculus/SampleFramework/Usage/Locomotion/Textures/floor_wood_02_msm.png using Guid(ed587ec08f0b14bb58a1cd80e8d4fedc) Importer(815301076,1909f56bfc062723c751e8b465ee728b)  -> (artifact id: '7bab2b3566d8317662b2924982b9f449') in 0.022650 seconds 
========================================================================
Received Import Request.
  Time since last request: 0.000029 seconds.
  path: Assets/Oculus/SampleFramework/Usage/SharedAssets/Textures/block_wood_01_nml.png
  artifactKey: Guid(8ae0377f4bf34c04d803e6bbeb1c3077) Importer(815301076,1909f56bfc062723c751e8b465ee728b)
Start importing Assets/Oculus/SampleFramework/Usage/SharedAssets/Textures/block_wood_01_nml.png using Guid(8ae0377f4bf34c04d803e6bbeb1c3077) Importer(815301076,1909f56bfc062723c751e8b465ee728b)  -> (artifact id: '620db1cb5592804ad8e78aebf5d584c0') in 0.023130 seconds 
